[2020-12-17 17:37:12,294]|INFO  : setUpClass
[2020-12-17 17:37:12,295]|INFO  : test_1_one start
[2020-12-17 17:37:12,364]|INFO  : test_1_one start
[2020-12-17 17:37:12,394]|INFO  : test_1_one start
[2020-12-17 17:37:12,425]|INFO  : test_1_one start
[2020-12-17 17:37:12,453]|INFO  : test_1_one start
[2020-12-17 17:37:12,488]|INFO  : test_1_one start
[2020-12-17 17:37:12,522]|INFO  : test_1_one start
[2020-12-17 17:37:12,554]|INFO  : test_1_one start
[2020-12-17 17:37:12,579]|INFO  : test_1_one start
[2020-12-17 17:37:12,604]|INFO  : test_1_one start
[2020-12-17 17:37:12,627]|INFO  : test_1_one start
[2020-12-17 17:37:12,667]|INFO  : test_1_one start
[2020-12-17 17:37:12,690]|INFO  : test_1_one start
[2020-12-17 17:37:12,718]|INFO  : test_1_one start
[2020-12-17 17:37:12,748]|INFO  : test_1_one start
[2020-12-17 17:37:12,780]|INFO  : test_1_one start
[2020-12-17 17:37:12,809]|INFO  : test_1_one start
[2020-12-17 17:37:12,848]|INFO  : test_1_one start
[2020-12-17 17:37:12,878]|INFO  : test_1_one start
[2020-12-17 17:37:12,906]|INFO  : test_1_one start
[2020-12-17 17:37:12,934]|INFO  : test_1_one start
[2020-12-17 17:37:12,961]|INFO  : test_1_one start
[2020-12-17 17:37:12,988]|INFO  : test_1_one start
[2020-12-17 17:37:13,017]|INFO  : test_1_one start
[2020-12-17 17:37:13,044]|DEBUG : this is test 3
[2020-12-17 17:37:13,166]|INFO  : setUpClass
[2020-12-17 17:37:17,205]|INFO  : testing 中的测试日志打印 
[2020-12-17 17:37:34,930]|INFO  : testing 中的测试日志打印 
[2020-12-17 17:37:43,294]|INFO  : tearDownClass
[2020-12-17 17:56:07,524]|INFO  : setUpClass
[2020-12-17 17:56:07,526]|INFO  : test_1_one start
[2020-12-17 17:56:07,588]|INFO  : test_1_one start
[2020-12-17 17:56:07,618]|INFO  : test_1_one start
[2020-12-17 17:56:07,655]|INFO  : test_1_one start
[2020-12-17 17:56:07,689]|INFO  : test_1_one start
[2020-12-17 17:56:07,725]|INFO  : test_1_one start
[2020-12-17 17:56:07,756]|INFO  : test_1_one start
[2020-12-17 17:56:07,786]|INFO  : test_1_one start
[2020-12-17 17:56:07,817]|INFO  : test_1_one start
[2020-12-17 17:56:07,852]|INFO  : test_1_one start
[2020-12-17 17:56:07,882]|INFO  : test_1_one start
[2020-12-17 17:56:07,909]|INFO  : test_1_one start
[2020-12-17 17:56:07,941]|INFO  : test_1_one start
[2020-12-17 17:56:07,967]|INFO  : test_1_one start
[2020-12-17 17:56:07,998]|INFO  : test_1_one start
[2020-12-17 17:56:08,025]|INFO  : test_1_one start
[2020-12-17 17:56:08,056]|INFO  : test_1_one start
[2020-12-17 17:56:08,082]|INFO  : test_1_one start
[2020-12-17 17:56:08,112]|INFO  : test_1_one start
[2020-12-17 17:56:08,143]|INFO  : test_1_one start
[2020-12-17 17:56:08,178]|INFO  : test_1_one start
[2020-12-17 17:56:08,208]|INFO  : test_1_one start
[2020-12-17 17:56:08,235]|INFO  : test_1_one start
[2020-12-17 17:56:08,263]|INFO  : test_1_one start
[2020-12-17 17:56:08,295]|DEBUG : this is test 3
[2020-12-17 17:56:22,363]|INFO  : setUpClass
[2020-12-17 17:56:26,310]|INFO  : testing 中的测试日志打印 
[2020-12-17 17:56:42,556]|INFO  : testing 中的测试日志打印 
[2020-12-17 17:56:49,406]|INFO  : tearDownClass
