[2020-12-21 11:02:20,531]|INFO  : setUpClass
[2020-12-21 11:02:20,533]|INFO  : test_1_one start
[2020-12-21 11:02:20,597]|INFO  : test_1_one start
[2020-12-21 11:02:20,623]|INFO  : test_1_one start
[2020-12-21 11:02:20,702]|INFO  : test_1_one start
[2020-12-21 11:02:20,822]|INFO  : test_1_one start
[2020-12-21 11:02:20,853]|INFO  : test_1_one start
[2020-12-21 11:02:20,885]|INFO  : test_1_one start
[2020-12-21 11:02:20,915]|INFO  : test_1_one start
[2020-12-21 11:02:20,944]|INFO  : test_1_one start
[2020-12-21 11:02:20,973]|INFO  : test_1_one start
[2020-12-21 11:02:21,004]|INFO  : test_1_one start
[2020-12-21 11:02:21,034]|INFO  : test_1_one start
[2020-12-21 11:02:21,061]|INFO  : test_1_one start
[2020-12-21 11:02:21,090]|INFO  : test_1_one start
[2020-12-21 11:02:21,125]|INFO  : test_1_one start
[2020-12-21 11:02:21,154]|INFO  : test_1_one start
[2020-12-21 11:02:21,183]|INFO  : test_1_one start
[2020-12-21 11:02:21,216]|INFO  : test_1_one start
[2020-12-21 11:02:21,254]|INFO  : test_1_one start
[2020-12-21 11:02:21,283]|INFO  : test_1_one start
[2020-12-21 11:02:21,313]|INFO  : test_1_one start
[2020-12-21 11:02:21,347]|INFO  : test_1_one start
[2020-12-21 11:02:21,386]|INFO  : test_1_one start
[2020-12-21 11:02:21,421]|INFO  : test_1_one start
[2020-12-21 11:02:21,459]|DEBUG : this is test 3
[2020-12-21 11:02:35,543]|INFO  : setUpClass
[2020-12-21 11:02:41,695]|INFO  : testing 中的测试日志打印 
[2020-12-21 11:02:59,470]|INFO  : testing 中的测试日志打印 
[2020-12-21 11:03:08,731]|INFO  : tearDownClass
