[2020-12-21 15:02:20,732]|INFO  : setUpClass
[2020-12-21 15:02:20,734]|INFO  : test_1_one start
[2020-12-21 15:02:20,830]|INFO  : test_1_one start
[2020-12-21 15:02:20,884]|INFO  : test_1_one start
[2020-12-21 15:02:20,944]|INFO  : test_1_one start
[2020-12-21 15:02:20,984]|INFO  : test_1_one start
[2020-12-21 15:02:21,031]|INFO  : test_1_one start
[2020-12-21 15:02:21,076]|INFO  : test_1_one start
[2020-12-21 15:02:21,107]|INFO  : test_1_one start
[2020-12-21 15:02:21,137]|INFO  : test_1_one start
[2020-12-21 15:02:21,165]|INFO  : test_1_one start
[2020-12-21 15:02:21,191]|INFO  : test_1_one start
[2020-12-21 15:02:21,234]|INFO  : test_1_one start
[2020-12-21 15:02:21,265]|INFO  : test_1_one start
[2020-12-21 15:02:21,300]|INFO  : test_1_one start
[2020-12-21 15:02:21,341]|INFO  : test_1_one start
[2020-12-21 15:02:21,382]|INFO  : test_1_one start
[2020-12-21 15:02:21,413]|INFO  : test_1_one start
[2020-12-21 15:02:21,445]|INFO  : test_1_one start
[2020-12-21 15:02:21,475]|INFO  : test_1_one start
[2020-12-21 15:02:21,507]|INFO  : test_1_one start
[2020-12-21 15:02:21,539]|INFO  : test_1_one start
[2020-12-21 15:02:21,569]|INFO  : test_1_one start
[2020-12-21 15:02:21,603]|INFO  : test_1_one start
[2020-12-21 15:02:21,634]|INFO  : test_1_one start
[2020-12-21 15:02:21,666]|DEBUG : this is test 3
[2020-12-21 15:02:35,727]|INFO  : setUpClass
[2020-12-21 15:02:42,146]|INFO  : testing 中的测试日志打印 
[2020-12-21 15:03:00,232]|INFO  : testing 中的测试日志打印 
[2020-12-21 15:03:07,895]|INFO  : tearDownClass
[2020-12-21 15:18:54,550]|INFO  : setUpClass
[2020-12-21 15:18:54,553]|INFO  : test_1_one start
[2020-12-21 15:18:54,628]|INFO  : test_1_one start
[2020-12-21 15:18:54,666]|INFO  : test_1_one start
[2020-12-21 15:18:54,700]|INFO  : test_1_one start
[2020-12-21 15:18:54,751]|INFO  : test_1_one start
[2020-12-21 15:18:54,784]|INFO  : test_1_one start
[2020-12-21 15:18:54,827]|INFO  : test_1_one start
[2020-12-21 15:18:54,899]|INFO  : test_1_one start
[2020-12-21 15:18:54,944]|INFO  : test_1_one start
[2020-12-21 15:18:55,001]|INFO  : test_1_one start
[2020-12-21 15:18:55,037]|INFO  : test_1_one start
[2020-12-21 15:18:55,078]|INFO  : test_1_one start
[2020-12-21 15:18:55,115]|INFO  : test_1_one start
[2020-12-21 15:18:55,148]|INFO  : test_1_one start
[2020-12-21 15:18:55,188]|INFO  : test_1_one start
[2020-12-21 15:18:55,226]|INFO  : test_1_one start
[2020-12-21 15:18:55,265]|INFO  : test_1_one start
[2020-12-21 15:18:55,316]|INFO  : test_1_one start
[2020-12-21 15:18:55,358]|INFO  : test_1_one start
[2020-12-21 15:18:55,397]|INFO  : test_1_one start
[2020-12-21 15:18:55,430]|INFO  : test_1_one start
[2020-12-21 15:18:55,464]|INFO  : test_1_one start
[2020-12-21 15:18:55,500]|INFO  : test_1_one start
[2020-12-21 15:18:55,534]|INFO  : test_1_one start
[2020-12-21 15:18:55,570]|DEBUG : this is test 3
[2020-12-21 15:20:30,012]|INFO  : setUpClass
[2020-12-21 15:20:36,622]|INFO  : testing 中的测试日志打印 
[2020-12-21 15:20:51,500]|INFO  : testing 中的测试日志打印 
[2020-12-21 15:21:00,307]|INFO  : tearDownClass
[2020-12-21 15:28:08,832]|INFO  : setUpClass
[2020-12-21 15:28:08,834]|INFO  : test_1_one start
[2020-12-21 15:28:08,894]|INFO  : test_1_one start
[2020-12-21 15:28:08,923]|INFO  : test_1_one start
[2020-12-21 15:28:08,956]|INFO  : test_1_one start
[2020-12-21 15:28:08,997]|INFO  : test_1_one start
[2020-12-21 15:28:09,031]|INFO  : test_1_one start
[2020-12-21 15:28:09,075]|INFO  : test_1_one start
[2020-12-21 15:28:09,114]|INFO  : test_1_one start
[2020-12-21 15:28:09,145]|INFO  : test_1_one start
[2020-12-21 15:28:09,174]|INFO  : test_1_one start
[2020-12-21 15:28:09,207]|INFO  : test_1_one start
[2020-12-21 15:28:09,241]|INFO  : test_1_one start
[2020-12-21 15:28:09,270]|INFO  : test_1_one start
[2020-12-21 15:28:09,300]|INFO  : test_1_one start
[2020-12-21 15:28:09,329]|INFO  : test_1_one start
[2020-12-21 15:28:09,361]|INFO  : test_1_one start
[2020-12-21 15:28:09,402]|INFO  : test_1_one start
[2020-12-21 15:28:09,437]|INFO  : test_1_one start
[2020-12-21 15:28:09,478]|INFO  : test_1_one start
[2020-12-21 15:28:09,512]|INFO  : test_1_one start
[2020-12-21 15:28:09,551]|INFO  : test_1_one start
[2020-12-21 15:28:09,581]|INFO  : test_1_one start
[2020-12-21 15:28:09,612]|INFO  : test_1_one start
[2020-12-21 15:28:09,648]|INFO  : test_1_one start
[2020-12-21 15:28:09,737]|DEBUG : this is test 3
[2020-12-21 15:28:23,851]|INFO  : setUpClass
[2020-12-21 15:28:28,560]|INFO  : testing 中的测试日志打印 
[2020-12-21 15:28:43,155]|INFO  : testing 中的测试日志打印 
[2020-12-21 15:28:50,485]|INFO  : tearDownClass
