[2020-12-17 11:02:47,508]|INFO  : setUpClass
[2020-12-17 11:02:47,509]|INFO  : test_1_one start
[2020-12-17 11:02:47,563]|INFO  : test_1_one start
[2020-12-17 11:02:47,591]|INFO  : test_1_one start
[2020-12-17 11:02:47,621]|INFO  : test_1_one start
[2020-12-17 11:02:47,652]|INFO  : test_1_one start
[2020-12-17 11:02:47,679]|INFO  : test_1_one start
[2020-12-17 11:02:47,710]|INFO  : test_1_one start
[2020-12-17 11:02:47,740]|INFO  : test_1_one start
[2020-12-17 11:02:47,766]|INFO  : test_1_one start
[2020-12-17 11:02:47,793]|INFO  : test_1_one start
[2020-12-17 11:02:47,818]|INFO  : test_1_one start
[2020-12-17 11:02:47,850]|INFO  : test_1_one start
[2020-12-17 11:02:47,873]|INFO  : test_1_one start
[2020-12-17 11:02:47,903]|INFO  : test_1_one start
[2020-12-17 11:02:47,933]|INFO  : test_1_one start
[2020-12-17 11:02:47,965]|INFO  : test_1_one start
[2020-12-17 11:02:47,989]|INFO  : test_1_one start
[2020-12-17 11:02:48,017]|INFO  : test_1_one start
[2020-12-17 11:02:48,047]|INFO  : test_1_one start
[2020-12-17 11:02:48,074]|INFO  : test_1_one start
[2020-12-17 11:02:48,136]|INFO  : test_1_one start
[2020-12-17 11:02:48,185]|INFO  : test_1_one start
[2020-12-17 11:02:48,213]|INFO  : test_1_one start
[2020-12-17 11:02:48,239]|INFO  : test_1_one start
[2020-12-17 11:02:48,266]|DEBUG : this is test 3
[2020-12-17 11:02:48,268]|INFO  : setUpClass
[2020-12-17 11:02:54,664]|INFO  : testing 中的测试日志打印 
[2020-12-17 11:03:09,930]|INFO  : testing 中的测试日志打印 
[2020-12-17 11:03:18,526]|INFO  : tearDownClass
