[2020-12-18 11:01:29,173]|INFO  : setUpClass
[2020-12-18 11:01:38,930]|INFO  : testing 中的测试日志打印 
[2020-12-18 11:01:57,138]|INFO  : testing 中的测试日志打印 
[2020-12-18 11:02:04,677]|INFO  : tearDownClass
[2020-12-18 11:02:30,687]|INFO  : setUpClass
[2020-12-18 11:02:30,688]|INFO  : test_1_one start
[2020-12-18 11:02:30,737]|INFO  : test_1_one start
[2020-12-18 11:02:30,764]|INFO  : test_1_one start
[2020-12-18 11:02:30,790]|INFO  : test_1_one start
[2020-12-18 11:02:30,819]|INFO  : test_1_one start
[2020-12-18 11:02:30,846]|INFO  : test_1_one start
[2020-12-18 11:02:30,883]|INFO  : test_1_one start
[2020-12-18 11:02:30,918]|INFO  : test_1_one start
[2020-12-18 11:02:30,946]|INFO  : test_1_one start
[2020-12-18 11:02:31,005]|INFO  : test_1_one start
[2020-12-18 11:02:31,055]|INFO  : test_1_one start
[2020-12-18 11:02:31,086]|INFO  : test_1_one start
[2020-12-18 11:02:31,117]|INFO  : test_1_one start
[2020-12-18 11:02:31,169]|INFO  : test_1_one start
[2020-12-18 11:02:31,239]|INFO  : test_1_one start
[2020-12-18 11:02:31,271]|INFO  : test_1_one start
[2020-12-18 11:02:31,298]|INFO  : test_1_one start
[2020-12-18 11:02:31,329]|INFO  : test_1_one start
[2020-12-18 11:02:31,368]|INFO  : test_1_one start
[2020-12-18 11:02:31,401]|INFO  : test_1_one start
[2020-12-18 11:02:31,433]|INFO  : test_1_one start
[2020-12-18 11:02:31,520]|INFO  : test_1_one start
[2020-12-18 11:02:31,548]|INFO  : test_1_one start
[2020-12-18 11:02:31,576]|INFO  : test_1_one start
[2020-12-18 11:02:31,604]|DEBUG : this is test 3
[2020-12-18 11:02:45,888]|INFO  : setUpClass
[2020-12-18 11:02:52,661]|INFO  : testing 中的测试日志打印 
[2020-12-18 11:03:10,473]|INFO  : testing 中的测试日志打印 
[2020-12-18 11:03:18,674]|INFO  : tearDownClass
