[2020-12-16 18:19:32,329]|INFO  : setUpClass
[2020-12-16 18:19:32,332]|INFO  : test_1_one start
[2020-12-16 18:19:32,411]|INFO  : test_1_one start
[2020-12-16 18:19:32,458]|INFO  : test_1_one start
[2020-12-16 18:19:32,497]|INFO  : test_1_one start
[2020-12-16 18:19:32,537]|INFO  : test_1_one start
[2020-12-16 18:19:32,586]|INFO  : test_1_one start
[2020-12-16 18:19:32,623]|INFO  : test_1_one start
[2020-12-16 18:19:32,666]|INFO  : test_1_one start
[2020-12-16 18:19:32,700]|INFO  : test_1_one start
[2020-12-16 18:19:32,736]|INFO  : test_1_one start
[2020-12-16 18:19:32,779]|INFO  : test_1_one start
[2020-12-16 18:19:32,824]|INFO  : test_1_one start
[2020-12-16 18:19:32,874]|INFO  : test_1_one start
[2020-12-16 18:19:32,918]|INFO  : test_1_one start
[2020-12-16 18:19:32,954]|INFO  : test_1_one start
[2020-12-16 18:19:32,996]|INFO  : test_1_one start
[2020-12-16 18:19:33,033]|INFO  : test_1_one start
[2020-12-16 18:19:33,073]|INFO  : test_1_one start
[2020-12-16 18:19:33,112]|INFO  : test_1_one start
[2020-12-16 18:19:33,136]|INFO  : test_1_one start
[2020-12-16 18:19:33,174]|INFO  : test_1_one start
[2020-12-16 18:19:33,205]|INFO  : test_1_one start
[2020-12-16 18:19:33,249]|INFO  : test_1_one start
[2020-12-16 18:19:33,285]|INFO  : test_1_one start
[2020-12-16 18:19:33,328]|DEBUG : this is test 3
[2020-12-16 18:19:33,336]|INFO  : setUpClass
[2020-12-16 18:19:38,061]|INFO  : testing 中的测试日志打印 
[2020-12-16 18:19:52,960]|INFO  : testing 中的测试日志打印 
[2020-12-16 18:20:00,356]|INFO  : tearDownClass
[2020-12-16 18:23:55,461]|INFO  : setUpClass
[2020-12-16 18:23:55,464]|INFO  : test_1_one start
[2020-12-16 18:23:55,519]|INFO  : test_1_one start
[2020-12-16 18:23:55,550]|INFO  : test_1_one start
[2020-12-16 18:23:55,593]|INFO  : test_1_one start
[2020-12-16 18:23:55,632]|INFO  : test_1_one start
[2020-12-16 18:23:55,666]|INFO  : test_1_one start
[2020-12-16 18:23:55,707]|INFO  : test_1_one start
[2020-12-16 18:23:55,750]|INFO  : test_1_one start
[2020-12-16 18:23:55,795]|INFO  : test_1_one start
[2020-12-16 18:23:55,892]|INFO  : test_1_one start
[2020-12-16 18:23:55,932]|INFO  : test_1_one start
[2020-12-16 18:23:55,977]|INFO  : test_1_one start
[2020-12-16 18:23:56,012]|INFO  : test_1_one start
[2020-12-16 18:23:56,051]|INFO  : test_1_one start
[2020-12-16 18:23:56,085]|INFO  : test_1_one start
[2020-12-16 18:23:56,120]|INFO  : test_1_one start
[2020-12-16 18:23:56,160]|INFO  : test_1_one start
[2020-12-16 18:23:56,193]|INFO  : test_1_one start
[2020-12-16 18:23:56,230]|INFO  : test_1_one start
[2020-12-16 18:23:56,275]|INFO  : test_1_one start
[2020-12-16 18:23:56,315]|INFO  : test_1_one start
[2020-12-16 18:23:56,349]|INFO  : test_1_one start
[2020-12-16 18:23:56,386]|INFO  : test_1_one start
[2020-12-16 18:23:56,421]|INFO  : test_1_one start
[2020-12-16 18:23:56,461]|DEBUG : this is test 3
[2020-12-16 18:23:56,465]|INFO  : setUpClass
[2020-12-16 18:24:00,688]|INFO  : testing 中的测试日志打印 
[2020-12-16 18:24:16,136]|INFO  : testing 中的测试日志打印 
[2020-12-16 18:24:22,567]|INFO  : tearDownClass
[2020-12-16 18:25:35,768]|INFO  : setUpClass
[2020-12-16 18:25:35,770]|INFO  : test_1_one start
[2020-12-16 18:25:35,836]|INFO  : test_1_one start
[2020-12-16 18:25:35,865]|INFO  : test_1_one start
[2020-12-16 18:25:35,890]|INFO  : test_1_one start
[2020-12-16 18:25:35,923]|INFO  : test_1_one start
[2020-12-16 18:25:35,950]|INFO  : test_1_one start
[2020-12-16 18:25:35,978]|INFO  : test_1_one start
[2020-12-16 18:25:36,006]|INFO  : test_1_one start
[2020-12-16 18:25:36,037]|INFO  : test_1_one start
[2020-12-16 18:25:36,067]|INFO  : test_1_one start
[2020-12-16 18:25:36,099]|INFO  : test_1_one start
[2020-12-16 18:25:36,132]|INFO  : test_1_one start
[2020-12-16 18:25:36,158]|INFO  : test_1_one start
[2020-12-16 18:25:36,182]|INFO  : test_1_one start
[2020-12-16 18:25:36,211]|INFO  : test_1_one start
[2020-12-16 18:25:36,237]|INFO  : test_1_one start
[2020-12-16 18:25:36,262]|INFO  : test_1_one start
[2020-12-16 18:25:36,282]|INFO  : test_1_one start
[2020-12-16 18:25:36,304]|INFO  : test_1_one start
[2020-12-16 18:25:36,331]|INFO  : test_1_one start
[2020-12-16 18:25:36,355]|INFO  : test_1_one start
[2020-12-16 18:25:36,378]|INFO  : test_1_one start
[2020-12-16 18:25:36,400]|INFO  : test_1_one start
[2020-12-16 18:25:36,421]|INFO  : test_1_one start
[2020-12-16 18:25:36,447]|DEBUG : this is test 3
[2020-12-16 18:25:36,450]|INFO  : setUpClass
[2020-12-16 18:31:34,223]|INFO  : setUpClass
[2020-12-16 18:31:34,224]|INFO  : test_1_one start
[2020-12-16 18:31:34,288]|INFO  : test_1_one start
[2020-12-16 18:31:34,308]|INFO  : test_1_one start
[2020-12-16 18:31:34,359]|INFO  : test_1_one start
[2020-12-16 18:31:34,390]|INFO  : test_1_one start
[2020-12-16 18:31:34,410]|INFO  : test_1_one start
[2020-12-16 18:31:34,439]|INFO  : test_1_one start
[2020-12-16 18:31:34,460]|INFO  : test_1_one start
[2020-12-16 18:31:34,498]|INFO  : test_1_one start
[2020-12-16 18:31:34,525]|INFO  : test_1_one start
[2020-12-16 18:31:34,551]|INFO  : test_1_one start
[2020-12-16 18:31:34,583]|INFO  : test_1_one start
[2020-12-16 18:31:34,605]|INFO  : test_1_one start
[2020-12-16 18:31:34,630]|INFO  : test_1_one start
[2020-12-16 18:31:34,655]|INFO  : test_1_one start
[2020-12-16 18:31:34,674]|INFO  : test_1_one start
[2020-12-16 18:31:34,701]|INFO  : test_1_one start
[2020-12-16 18:31:34,729]|INFO  : test_1_one start
[2020-12-16 18:31:34,766]|INFO  : test_1_one start
[2020-12-16 18:31:34,791]|INFO  : test_1_one start
[2020-12-16 18:31:34,817]|INFO  : test_1_one start
[2020-12-16 18:31:34,849]|INFO  : test_1_one start
[2020-12-16 18:31:34,868]|INFO  : test_1_one start
[2020-12-16 18:31:34,891]|INFO  : test_1_one start
[2020-12-16 18:31:34,910]|DEBUG : this is test 3
[2020-12-16 18:31:34,913]|INFO  : setUpClass
[2020-12-16 18:33:19,040]|INFO  : setUpClass
[2020-12-16 18:33:19,044]|INFO  : test_1_one start
[2020-12-16 18:33:19,149]|INFO  : test_1_one start
[2020-12-16 18:33:19,172]|INFO  : test_1_one start
[2020-12-16 18:33:19,197]|INFO  : test_1_one start
[2020-12-16 18:33:19,221]|INFO  : test_1_one start
[2020-12-16 18:33:19,250]|INFO  : test_1_one start
[2020-12-16 18:33:19,273]|INFO  : test_1_one start
[2020-12-16 18:33:19,304]|INFO  : test_1_one start
[2020-12-16 18:33:19,328]|INFO  : test_1_one start
[2020-12-16 18:33:19,353]|INFO  : test_1_one start
[2020-12-16 18:33:19,376]|INFO  : test_1_one start
[2020-12-16 18:33:19,403]|INFO  : test_1_one start
[2020-12-16 18:33:19,428]|INFO  : test_1_one start
[2020-12-16 18:33:19,459]|INFO  : test_1_one start
[2020-12-16 18:33:19,486]|INFO  : test_1_one start
[2020-12-16 18:33:19,513]|INFO  : test_1_one start
[2020-12-16 18:33:19,537]|INFO  : test_1_one start
[2020-12-16 18:33:19,563]|INFO  : test_1_one start
[2020-12-16 18:33:19,698]|INFO  : test_1_one start
[2020-12-16 18:33:19,721]|INFO  : test_1_one start
[2020-12-16 18:33:19,794]|INFO  : test_1_one start
[2020-12-16 18:33:19,822]|INFO  : test_1_one start
[2020-12-16 18:33:19,843]|INFO  : test_1_one start
[2020-12-16 18:33:19,869]|INFO  : test_1_one start
[2020-12-16 18:33:19,891]|DEBUG : this is test 3
[2020-12-16 18:33:19,893]|INFO  : setUpClass
[2020-12-16 18:33:26,691]|INFO  : testing 中的测试日志打印 
[2020-12-16 18:33:44,397]|INFO  : testing 中的测试日志打印 
[2020-12-16 18:33:52,301]|INFO  : tearDownClass
[2020-12-16 18:34:11,553]|INFO  : setUpClass
[2020-12-16 18:34:11,554]|INFO  : test_1_one start
[2020-12-16 18:34:11,605]|INFO  : test_1_one start
[2020-12-16 18:34:11,628]|INFO  : test_1_one start
[2020-12-16 18:34:11,645]|INFO  : test_1_one start
[2020-12-16 18:34:11,663]|INFO  : test_1_one start
[2020-12-16 18:34:11,690]|INFO  : test_1_one start
[2020-12-16 18:34:11,710]|INFO  : test_1_one start
[2020-12-16 18:34:11,734]|INFO  : test_1_one start
[2020-12-16 18:34:11,754]|INFO  : test_1_one start
[2020-12-16 18:34:11,779]|INFO  : test_1_one start
[2020-12-16 18:34:11,799]|INFO  : test_1_one start
[2020-12-16 18:34:11,818]|INFO  : test_1_one start
[2020-12-16 18:34:11,839]|INFO  : test_1_one start
[2020-12-16 18:34:11,900]|INFO  : test_1_one start
[2020-12-16 18:34:11,925]|INFO  : test_1_one start
[2020-12-16 18:34:11,947]|INFO  : test_1_one start
[2020-12-16 18:34:11,970]|INFO  : test_1_one start
[2020-12-16 18:34:11,999]|INFO  : test_1_one start
[2020-12-16 18:34:12,025]|INFO  : test_1_one start
[2020-12-16 18:34:12,046]|INFO  : test_1_one start
[2020-12-16 18:34:12,080]|INFO  : test_1_one start
[2020-12-16 18:34:12,106]|INFO  : test_1_one start
[2020-12-16 18:34:12,131]|INFO  : test_1_one start
[2020-12-16 18:34:12,150]|INFO  : test_1_one start
[2020-12-16 18:34:12,172]|DEBUG : this is test 3
[2020-12-16 18:34:12,176]|INFO  : setUpClass
[2020-12-16 18:41:11,023]|INFO  : setUpClass
[2020-12-16 18:41:11,025]|INFO  : test_1_one start
[2020-12-16 18:41:11,065]|INFO  : test_1_one start
[2020-12-16 18:41:11,086]|INFO  : test_1_one start
[2020-12-16 18:41:11,108]|INFO  : test_1_one start
[2020-12-16 18:41:11,130]|INFO  : test_1_one start
[2020-12-16 18:41:11,158]|INFO  : test_1_one start
[2020-12-16 18:41:11,175]|INFO  : test_1_one start
[2020-12-16 18:41:11,193]|INFO  : test_1_one start
[2020-12-16 18:41:11,209]|INFO  : test_1_one start
[2020-12-16 18:41:11,232]|INFO  : test_1_one start
[2020-12-16 18:41:11,252]|INFO  : test_1_one start
[2020-12-16 18:41:11,273]|INFO  : test_1_one start
[2020-12-16 18:41:11,298]|INFO  : test_1_one start
[2020-12-16 18:41:11,326]|INFO  : test_1_one start
[2020-12-16 18:41:11,359]|INFO  : test_1_one start
[2020-12-16 18:41:11,381]|INFO  : test_1_one start
[2020-12-16 18:41:11,405]|INFO  : test_1_one start
[2020-12-16 18:41:11,428]|INFO  : test_1_one start
[2020-12-16 18:41:11,448]|INFO  : test_1_one start
[2020-12-16 18:41:11,468]|INFO  : test_1_one start
[2020-12-16 18:41:11,494]|INFO  : test_1_one start
[2020-12-16 18:41:11,512]|INFO  : test_1_one start
[2020-12-16 18:41:11,531]|INFO  : test_1_one start
[2020-12-16 18:41:11,552]|INFO  : test_1_one start
[2020-12-16 18:41:11,573]|DEBUG : this is test 3
[2020-12-16 18:41:11,575]|INFO  : setUpClass
[2020-12-16 18:41:16,918]|INFO  : testing 中的测试日志打印 
[2020-12-16 18:41:34,636]|INFO  : testing 中的测试日志打印 
[2020-12-16 18:41:41,501]|INFO  : tearDownClass
