[2020-12-17 13:02:40,944]|INFO  : setUpClass
[2020-12-17 13:02:40,945]|INFO  : test_1_one start
[2020-12-17 13:02:41,009]|INFO  : test_1_one start
[2020-12-17 13:02:41,039]|INFO  : test_1_one start
[2020-12-17 13:02:41,068]|INFO  : test_1_one start
[2020-12-17 13:02:41,101]|INFO  : test_1_one start
[2020-12-17 13:02:41,130]|INFO  : test_1_one start
[2020-12-17 13:02:41,159]|INFO  : test_1_one start
[2020-12-17 13:02:41,185]|INFO  : test_1_one start
[2020-12-17 13:02:41,214]|INFO  : test_1_one start
[2020-12-17 13:02:41,240]|INFO  : test_1_one start
[2020-12-17 13:02:41,265]|INFO  : test_1_one start
[2020-12-17 13:02:41,296]|INFO  : test_1_one start
[2020-12-17 13:02:41,318]|INFO  : test_1_one start
[2020-12-17 13:02:41,345]|INFO  : test_1_one start
[2020-12-17 13:02:41,368]|INFO  : test_1_one start
[2020-12-17 13:02:41,390]|INFO  : test_1_one start
[2020-12-17 13:02:41,422]|INFO  : test_1_one start
[2020-12-17 13:02:41,454]|INFO  : test_1_one start
[2020-12-17 13:02:41,484]|INFO  : test_1_one start
[2020-12-17 13:02:41,517]|INFO  : test_1_one start
[2020-12-17 13:02:41,553]|INFO  : test_1_one start
[2020-12-17 13:02:41,583]|INFO  : test_1_one start
[2020-12-17 13:02:41,619]|INFO  : test_1_one start
[2020-12-17 13:02:41,650]|INFO  : test_1_one start
[2020-12-17 13:02:41,682]|DEBUG : this is test 3
[2020-12-17 13:02:41,684]|INFO  : setUpClass
[2020-12-17 13:02:47,273]|INFO  : testing 中的测试日志打印 
[2020-12-17 13:03:01,977]|INFO  : testing 中的测试日志打印 
[2020-12-17 13:03:08,318]|INFO  : tearDownClass
