[2020-12-17 15:02:41,172]|INFO  : setUpClass
[2020-12-17 15:02:41,174]|INFO  : test_1_one start
[2020-12-17 15:02:41,238]|INFO  : test_1_one start
[2020-12-17 15:02:41,266]|INFO  : test_1_one start
[2020-12-17 15:02:41,303]|INFO  : test_1_one start
[2020-12-17 15:02:41,343]|INFO  : test_1_one start
[2020-12-17 15:02:41,389]|INFO  : test_1_one start
[2020-12-17 15:02:41,419]|INFO  : test_1_one start
[2020-12-17 15:02:41,446]|INFO  : test_1_one start
[2020-12-17 15:02:41,474]|INFO  : test_1_one start
[2020-12-17 15:02:41,502]|INFO  : test_1_one start
[2020-12-17 15:02:41,528]|INFO  : test_1_one start
[2020-12-17 15:02:41,557]|INFO  : test_1_one start
[2020-12-17 15:02:41,586]|INFO  : test_1_one start
[2020-12-17 15:02:41,629]|INFO  : test_1_one start
[2020-12-17 15:02:41,659]|INFO  : test_1_one start
[2020-12-17 15:02:41,691]|INFO  : test_1_one start
[2020-12-17 15:02:41,717]|INFO  : test_1_one start
[2020-12-17 15:02:41,746]|INFO  : test_1_one start
[2020-12-17 15:02:41,775]|INFO  : test_1_one start
[2020-12-17 15:02:41,801]|INFO  : test_1_one start
[2020-12-17 15:02:41,830]|INFO  : test_1_one start
[2020-12-17 15:02:41,868]|INFO  : test_1_one start
[2020-12-17 15:02:41,894]|INFO  : test_1_one start
[2020-12-17 15:02:41,920]|INFO  : test_1_one start
[2020-12-17 15:02:41,946]|DEBUG : this is test 3
[2020-12-17 15:02:41,948]|INFO  : setUpClass
[2020-12-17 15:02:48,025]|INFO  : testing 中的测试日志打印 
[2020-12-17 15:03:04,291]|INFO  : testing 中的测试日志打印 
[2020-12-17 15:03:12,523]|INFO  : tearDownClass
