[2020-12-18 21:02:29,825]|INFO  : setUpClass
[2020-12-18 21:02:29,826]|INFO  : test_1_one start
[2020-12-18 21:02:29,884]|INFO  : test_1_one start
[2020-12-18 21:02:29,907]|INFO  : test_1_one start
[2020-12-18 21:02:29,926]|INFO  : test_1_one start
[2020-12-18 21:02:29,947]|INFO  : test_1_one start
[2020-12-18 21:02:29,971]|INFO  : test_1_one start
[2020-12-18 21:02:29,996]|INFO  : test_1_one start
[2020-12-18 21:02:30,018]|INFO  : test_1_one start
[2020-12-18 21:02:30,047]|INFO  : test_1_one start
[2020-12-18 21:02:30,068]|INFO  : test_1_one start
[2020-12-18 21:02:30,086]|INFO  : test_1_one start
[2020-12-18 21:02:30,112]|INFO  : test_1_one start
[2020-12-18 21:02:30,134]|INFO  : test_1_one start
[2020-12-18 21:02:30,159]|INFO  : test_1_one start
[2020-12-18 21:02:30,182]|INFO  : test_1_one start
[2020-12-18 21:02:30,207]|INFO  : test_1_one start
[2020-12-18 21:02:30,230]|INFO  : test_1_one start
[2020-12-18 21:02:30,252]|INFO  : test_1_one start
[2020-12-18 21:02:30,275]|INFO  : test_1_one start
[2020-12-18 21:02:30,299]|INFO  : test_1_one start
[2020-12-18 21:02:30,321]|INFO  : test_1_one start
[2020-12-18 21:02:30,341]|INFO  : test_1_one start
[2020-12-18 21:02:30,370]|INFO  : test_1_one start
[2020-12-18 21:02:30,393]|INFO  : test_1_one start
[2020-12-18 21:02:30,418]|DEBUG : this is test 3
[2020-12-18 21:02:44,483]|INFO  : setUpClass
[2020-12-18 21:02:49,913]|INFO  : testing 中的测试日志打印 
[2020-12-18 21:03:05,949]|INFO  : testing 中的测试日志打印 
[2020-12-18 21:03:12,278]|INFO  : tearDownClass
