[2020-12-18 15:02:32,554]|INFO  : setUpClass
[2020-12-18 15:02:32,558]|INFO  : test_1_one start
[2020-12-18 15:02:32,779]|INFO  : test_1_one start
[2020-12-18 15:02:32,807]|INFO  : test_1_one start
[2020-12-18 15:02:32,852]|INFO  : test_1_one start
[2020-12-18 15:02:32,927]|INFO  : test_1_one start
[2020-12-18 15:02:32,964]|INFO  : test_1_one start
[2020-12-18 15:02:32,995]|INFO  : test_1_one start
[2020-12-18 15:02:33,041]|INFO  : test_1_one start
[2020-12-18 15:02:33,071]|INFO  : test_1_one start
[2020-12-18 15:02:33,104]|INFO  : test_1_one start
[2020-12-18 15:02:33,150]|INFO  : test_1_one start
[2020-12-18 15:02:33,207]|INFO  : test_1_one start
[2020-12-18 15:02:33,260]|INFO  : test_1_one start
[2020-12-18 15:02:33,291]|INFO  : test_1_one start
[2020-12-18 15:02:33,330]|INFO  : test_1_one start
[2020-12-18 15:02:33,372]|INFO  : test_1_one start
[2020-12-18 15:02:33,417]|INFO  : test_1_one start
[2020-12-18 15:02:33,449]|INFO  : test_1_one start
[2020-12-18 15:02:33,514]|INFO  : test_1_one start
[2020-12-18 15:02:33,551]|INFO  : test_1_one start
[2020-12-18 15:02:33,586]|INFO  : test_1_one start
[2020-12-18 15:02:33,621]|INFO  : test_1_one start
[2020-12-18 15:02:33,650]|INFO  : test_1_one start
[2020-12-18 15:02:33,684]|INFO  : test_1_one start
[2020-12-18 15:02:33,748]|DEBUG : this is test 3
[2020-12-18 15:02:47,862]|INFO  : setUpClass
[2020-12-18 15:02:53,294]|INFO  : testing 中的测试日志打印 
[2020-12-18 15:03:10,670]|INFO  : testing 中的测试日志打印 
[2020-12-18 15:03:17,883]|INFO  : tearDownClass
