[2020-12-18 09:09:27,716]|INFO  : testing 中的测试日志打印 
[2020-12-18 09:09:49,874]|INFO  : testing 中的测试日志打印 
[2020-12-18 09:09:58,274]|INFO  : tearDownClass
[2020-12-18 09:10:08,279]|INFO  : setUpClass
[2020-12-18 09:10:08,281]|INFO  : test_1_one start
[2020-12-18 09:10:08,536]|INFO  : test_1_one start
[2020-12-18 09:10:08,569]|INFO  : test_1_one start
[2020-12-18 09:10:08,603]|INFO  : test_1_one start
[2020-12-18 09:10:08,637]|INFO  : test_1_one start
[2020-12-18 09:10:08,688]|INFO  : test_1_one start
[2020-12-18 09:10:08,717]|INFO  : test_1_one start
[2020-12-18 09:10:08,746]|INFO  : test_1_one start
[2020-12-18 09:10:08,777]|INFO  : test_1_one start
[2020-12-18 09:10:08,828]|INFO  : test_1_one start
[2020-12-18 09:10:08,854]|INFO  : test_1_one start
[2020-12-18 09:10:08,882]|INFO  : test_1_one start
[2020-12-18 09:10:08,912]|INFO  : test_1_one start
[2020-12-18 09:10:08,947]|INFO  : test_1_one start
[2020-12-18 09:10:08,978]|INFO  : test_1_one start
[2020-12-18 09:10:09,004]|INFO  : test_1_one start
[2020-12-18 09:10:09,032]|INFO  : test_1_one start
[2020-12-18 09:10:09,066]|INFO  : test_1_one start
[2020-12-18 09:10:09,097]|INFO  : test_1_one start
[2020-12-18 09:10:09,126]|INFO  : test_1_one start
[2020-12-18 09:10:09,154]|INFO  : test_1_one start
[2020-12-18 09:10:09,188]|INFO  : test_1_one start
[2020-12-18 09:10:09,216]|INFO  : test_1_one start
[2020-12-18 09:10:09,244]|INFO  : test_1_one start
[2020-12-18 09:10:09,272]|DEBUG : this is test 3
[2020-12-18 09:10:24,128]|INFO  : setUpClass
[2020-12-18 09:10:29,401]|INFO  : testing 中的测试日志打印 
[2020-12-18 09:10:42,829]|INFO  : testing 中的测试日志打印 
[2020-12-18 09:10:49,719]|INFO  : tearDownClass
