[2020-12-18 17:02:30,891]|INFO  : setUpClass
[2020-12-18 17:02:30,892]|INFO  : test_1_one start
[2020-12-18 17:02:31,013]|INFO  : test_1_one start
[2020-12-18 17:02:31,042]|INFO  : test_1_one start
[2020-12-18 17:02:31,114]|INFO  : test_1_one start
[2020-12-18 17:02:31,182]|INFO  : test_1_one start
[2020-12-18 17:02:31,215]|INFO  : test_1_one start
[2020-12-18 17:02:31,247]|INFO  : test_1_one start
[2020-12-18 17:02:31,293]|INFO  : test_1_one start
[2020-12-18 17:02:31,327]|INFO  : test_1_one start
[2020-12-18 17:02:31,359]|INFO  : test_1_one start
[2020-12-18 17:02:31,390]|INFO  : test_1_one start
[2020-12-18 17:02:31,441]|INFO  : test_1_one start
[2020-12-18 17:02:31,476]|INFO  : test_1_one start
[2020-12-18 17:02:31,506]|INFO  : test_1_one start
[2020-12-18 17:02:31,540]|INFO  : test_1_one start
[2020-12-18 17:02:31,573]|INFO  : test_1_one start
[2020-12-18 17:02:31,605]|INFO  : test_1_one start
[2020-12-18 17:02:31,635]|INFO  : test_1_one start
[2020-12-18 17:02:31,667]|INFO  : test_1_one start
[2020-12-18 17:02:31,698]|INFO  : test_1_one start
[2020-12-18 17:02:31,730]|INFO  : test_1_one start
[2020-12-18 17:02:31,760]|INFO  : test_1_one start
[2020-12-18 17:02:31,791]|INFO  : test_1_one start
[2020-12-18 17:02:31,823]|INFO  : test_1_one start
[2020-12-18 17:02:31,856]|DEBUG : this is test 3
[2020-12-18 17:02:45,944]|INFO  : setUpClass
[2020-12-18 17:02:51,891]|INFO  : testing 中的测试日志打印 
[2020-12-18 17:03:07,708]|INFO  : testing 中的测试日志打印 
[2020-12-18 17:03:14,692]|INFO  : tearDownClass
