[2021-01-15 09:22:20,871]|INFO  : setUpClass
[2021-01-15 09:22:20,872]|INFO  : test_1_one start
[2021-01-15 09:22:21,230]|INFO  : test_1_one start
[2021-01-15 09:22:21,248]|INFO  : test_1_one start
[2021-01-15 09:22:21,291]|INFO  : test_1_one start
[2021-01-15 09:22:21,341]|INFO  : test_1_one start
[2021-01-15 09:22:21,376]|INFO  : test_1_one start
[2021-01-15 09:22:21,416]|INFO  : test_1_one start
[2021-01-15 09:22:21,439]|INFO  : test_1_one start
[2021-01-15 09:22:21,461]|INFO  : test_1_one start
[2021-01-15 09:22:21,479]|INFO  : test_1_one start
[2021-01-15 09:22:21,606]|INFO  : test_1_one start
[2021-01-15 09:22:21,627]|INFO  : test_1_one start
[2021-01-15 09:22:21,647]|INFO  : test_1_one start
[2021-01-15 09:22:21,667]|INFO  : test_1_one start
[2021-01-15 09:22:21,739]|INFO  : test_1_one start
[2021-01-15 09:22:21,786]|INFO  : test_1_one start
[2021-01-15 09:22:21,810]|INFO  : test_1_one start
[2021-01-15 09:22:21,830]|INFO  : test_1_one start
[2021-01-15 09:22:21,970]|INFO  : test_1_one start
[2021-01-15 09:22:21,990]|INFO  : test_1_one start
[2021-01-15 09:22:22,010]|INFO  : test_1_one start
[2021-01-15 09:22:22,032]|INFO  : test_1_one start
[2021-01-15 09:22:22,093]|INFO  : test_1_one start
[2021-01-15 09:22:22,133]|INFO  : test_1_one start
[2021-01-15 09:22:22,154]|DEBUG : this is test 3
[2021-01-15 09:22:37,572]|INFO  : setUpClass
[2021-01-15 09:22:51,575]|INFO  : testing 中的测试日志打印 
[2021-01-15 09:23:13,925]|INFO  : testing 中的测试日志打印 
[2021-01-15 09:23:24,573]|INFO  : tearDownClass
[2021-01-15 09:23:28,658]|INFO  : TIANQI_API setup class
[2021-01-15 09:23:28,660]|DEBUG : ddt 数据传入 ,测试数据和代码分离 进行测试
[2021-01-15 09:23:28,662]|DEBUG : 执行测试
[2021-01-15 09:23:28,997]|DEBUG : ddt 数据传入 ,测试数据和代码分离 进行测试
[2021-01-15 09:23:28,999]|DEBUG : 执行测试
[2021-01-15 09:23:29,397]|DEBUG : ddt 数据传入 ,测试数据和代码分离 进行测试
[2021-01-15 09:23:29,398]|DEBUG : 执行测试
[2021-01-15 09:23:29,720]|DEBUG : ddt 数据传入 ,测试数据和代码分离 进行测试
[2021-01-15 09:23:29,722]|DEBUG : 执行测试
[2021-01-15 09:42:43,427]|INFO  : setUpClass
[2021-01-15 09:42:43,428]|INFO  : test_1_one start
[2021-01-15 09:42:43,492]|INFO  : test_1_one start
[2021-01-15 09:42:43,513]|INFO  : test_1_one start
[2021-01-15 09:42:43,545]|INFO  : test_1_one start
[2021-01-15 09:42:43,590]|INFO  : test_1_one start
[2021-01-15 09:42:43,652]|INFO  : test_1_one start
[2021-01-15 09:42:43,703]|INFO  : test_1_one start
[2021-01-15 09:42:43,726]|INFO  : test_1_one start
[2021-01-15 09:42:43,745]|INFO  : test_1_one start
[2021-01-15 09:42:43,765]|INFO  : test_1_one start
[2021-01-15 09:42:43,781]|INFO  : test_1_one start
[2021-01-15 09:42:43,800]|INFO  : test_1_one start
[2021-01-15 09:42:43,819]|INFO  : test_1_one start
[2021-01-15 09:42:43,841]|INFO  : test_1_one start
[2021-01-15 09:42:43,856]|INFO  : test_1_one start
[2021-01-15 09:42:43,876]|INFO  : test_1_one start
[2021-01-15 09:42:43,895]|INFO  : test_1_one start
[2021-01-15 09:42:43,917]|INFO  : test_1_one start
[2021-01-15 09:42:43,938]|INFO  : test_1_one start
[2021-01-15 09:42:43,963]|INFO  : test_1_one start
[2021-01-15 09:42:43,984]|INFO  : test_1_one start
[2021-01-15 09:42:44,009]|INFO  : test_1_one start
[2021-01-15 09:42:44,028]|INFO  : test_1_one start
[2021-01-15 09:42:44,052]|INFO  : test_1_one start
[2021-01-15 09:42:44,072]|DEBUG : this is test 3
[2021-01-15 09:42:58,152]|INFO  : setUpClass
[2021-01-15 09:43:04,255]|INFO  : testing 中的测试日志打印 
[2021-01-15 09:43:18,664]|INFO  : testing 中的测试日志打印 
[2021-01-15 09:43:26,074]|INFO  : tearDownClass
[2021-01-15 09:43:28,334]|INFO  : TIANQI_API setup class
[2021-01-15 09:43:28,341]|DEBUG : ddt 数据传入 ,测试数据和代码分离 进行测试
[2021-01-15 09:43:28,347]|DEBUG : 执行测试
[2021-01-15 09:43:28,693]|DEBUG : ddt 数据传入 ,测试数据和代码分离 进行测试
[2021-01-15 09:43:28,695]|DEBUG : 执行测试
[2021-01-15 09:43:28,988]|DEBUG : ddt 数据传入 ,测试数据和代码分离 进行测试
[2021-01-15 09:43:28,991]|DEBUG : 执行测试
[2021-01-15 09:43:29,259]|DEBUG : ddt 数据传入 ,测试数据和代码分离 进行测试
[2021-01-15 09:43:29,261]|DEBUG : 执行测试
[2021-01-15 09:55:22,017]|INFO  : setUpClass
[2021-01-15 09:55:22,019]|INFO  : test_1_one start
[2021-01-15 09:55:22,078]|INFO  : test_1_one start
[2021-01-15 09:55:22,100]|INFO  : test_1_one start
[2021-01-15 09:55:22,144]|INFO  : test_1_one start
[2021-01-15 09:55:22,201]|INFO  : test_1_one start
[2021-01-15 09:55:22,236]|INFO  : test_1_one start
[2021-01-15 09:55:22,279]|INFO  : test_1_one start
[2021-01-15 09:55:22,318]|INFO  : test_1_one start
[2021-01-15 09:55:22,350]|INFO  : test_1_one start
[2021-01-15 09:55:22,381]|INFO  : test_1_one start
[2021-01-15 09:55:22,408]|INFO  : test_1_one start
[2021-01-15 09:55:22,432]|INFO  : test_1_one start
[2021-01-15 09:55:22,466]|INFO  : test_1_one start
[2021-01-15 09:55:22,493]|INFO  : test_1_one start
[2021-01-15 09:55:22,528]|INFO  : test_1_one start
[2021-01-15 09:55:22,556]|INFO  : test_1_one start
[2021-01-15 09:55:22,583]|INFO  : test_1_one start
[2021-01-15 09:55:22,607]|INFO  : test_1_one start
[2021-01-15 09:55:22,630]|INFO  : test_1_one start
[2021-01-15 09:55:22,658]|INFO  : test_1_one start
[2021-01-15 09:55:22,682]|INFO  : test_1_one start
[2021-01-15 09:55:22,709]|INFO  : test_1_one start
[2021-01-15 09:55:22,829]|INFO  : test_1_one start
[2021-01-15 09:55:22,859]|INFO  : test_1_one start
[2021-01-15 09:55:22,883]|DEBUG : this is test 3
[2021-01-15 09:55:36,979]|INFO  : setUpClass
[2021-01-15 09:55:43,189]|INFO  : testing 中的测试日志打印 
[2021-01-15 09:55:57,713]|INFO  : testing 中的测试日志打印 
[2021-01-15 09:56:05,102]|INFO  : tearDownClass
[2021-01-15 09:56:07,350]|INFO  : TIANQI_API setup class
[2021-01-15 09:56:07,357]|DEBUG : ddt 数据传入 ,测试数据和代码分离 进行测试
[2021-01-15 09:56:07,361]|DEBUG : 执行测试
[2021-01-15 09:56:07,694]|DEBUG : ddt 数据传入 ,测试数据和代码分离 进行测试
[2021-01-15 09:56:07,699]|DEBUG : 执行测试
[2021-01-15 09:56:08,006]|DEBUG : ddt 数据传入 ,测试数据和代码分离 进行测试
[2021-01-15 09:56:08,008]|DEBUG : 执行测试
[2021-01-15 09:56:08,292]|DEBUG : ddt 数据传入 ,测试数据和代码分离 进行测试
[2021-01-15 09:56:08,293]|DEBUG : 执行测试
[2021-01-15 09:59:35,696]|INFO  : setUpClass
[2021-01-15 09:59:35,698]|INFO  : test_1_one start
[2021-01-15 09:59:35,779]|INFO  : test_1_one start
[2021-01-15 09:59:35,803]|INFO  : test_1_one start
[2021-01-15 09:59:35,848]|INFO  : test_1_one start
[2021-01-15 09:59:35,902]|INFO  : test_1_one start
[2021-01-15 09:59:35,944]|INFO  : test_1_one start
[2021-01-15 09:59:35,976]|INFO  : test_1_one start
[2021-01-15 09:59:36,000]|INFO  : test_1_one start
[2021-01-15 09:59:36,022]|INFO  : test_1_one start
[2021-01-15 09:59:36,041]|INFO  : test_1_one start
[2021-01-15 09:59:36,062]|INFO  : test_1_one start
[2021-01-15 09:59:36,097]|INFO  : test_1_one start
[2021-01-15 09:59:36,123]|INFO  : test_1_one start
[2021-01-15 09:59:36,148]|INFO  : test_1_one start
[2021-01-15 09:59:36,166]|INFO  : test_1_one start
[2021-01-15 09:59:36,184]|INFO  : test_1_one start
[2021-01-15 09:59:36,206]|INFO  : test_1_one start
[2021-01-15 09:59:36,226]|INFO  : test_1_one start
[2021-01-15 09:59:36,244]|INFO  : test_1_one start
[2021-01-15 09:59:36,263]|INFO  : test_1_one start
[2021-01-15 09:59:36,281]|INFO  : test_1_one start
[2021-01-15 09:59:36,302]|INFO  : test_1_one start
[2021-01-15 09:59:36,324]|INFO  : test_1_one start
[2021-01-15 09:59:36,343]|INFO  : test_1_one start
[2021-01-15 09:59:36,367]|DEBUG : this is test 3
[2021-01-15 09:59:50,487]|INFO  : setUpClass
[2021-01-15 09:59:56,607]|INFO  : testing 中的测试日志打印 
[2021-01-15 10:00:12,329]|INFO  : testing 中的测试日志打印 
[2021-01-15 10:00:20,306]|INFO  : tearDownClass
[2021-01-15 10:00:22,542]|INFO  : TIANQI_API setup class
[2021-01-15 10:00:22,545]|DEBUG : ddt 数据传入 ,测试数据和代码分离 进行测试
[2021-01-15 10:00:22,546]|DEBUG : 执行测试
[2021-01-15 10:00:22,857]|DEBUG : ddt 数据传入 ,测试数据和代码分离 进行测试
[2021-01-15 10:00:22,861]|DEBUG : 执行测试
[2021-01-15 10:00:23,440]|DEBUG : ddt 数据传入 ,测试数据和代码分离 进行测试
[2021-01-15 10:00:23,442]|DEBUG : 执行测试
[2021-01-15 10:00:23,888]|DEBUG : ddt 数据传入 ,测试数据和代码分离 进行测试
[2021-01-15 10:00:23,891]|DEBUG : 执行测试
[2021-01-15 11:02:19,724]|INFO  : setUpClass
[2021-01-15 11:02:19,726]|INFO  : test_1_one start
[2021-01-15 11:02:19,777]|INFO  : test_1_one start
[2021-01-15 11:02:19,797]|INFO  : test_1_one start
[2021-01-15 11:02:19,821]|INFO  : test_1_one start
[2021-01-15 11:02:19,858]|INFO  : test_1_one start
[2021-01-15 11:02:19,896]|INFO  : test_1_one start
[2021-01-15 11:02:19,929]|INFO  : test_1_one start
[2021-01-15 11:02:19,955]|INFO  : test_1_one start
[2021-01-15 11:02:19,987]|INFO  : test_1_one start
[2021-01-15 11:02:20,018]|INFO  : test_1_one start
[2021-01-15 11:02:20,048]|INFO  : test_1_one start
[2021-01-15 11:02:20,074]|INFO  : test_1_one start
[2021-01-15 11:02:20,105]|INFO  : test_1_one start
[2021-01-15 11:02:20,129]|INFO  : test_1_one start
[2021-01-15 11:02:20,154]|INFO  : test_1_one start
[2021-01-15 11:02:20,183]|INFO  : test_1_one start
[2021-01-15 11:02:20,222]|INFO  : test_1_one start
[2021-01-15 11:02:20,281]|INFO  : test_1_one start
[2021-01-15 11:02:20,315]|INFO  : test_1_one start
[2021-01-15 11:02:20,338]|INFO  : test_1_one start
[2021-01-15 11:02:20,365]|INFO  : test_1_one start
[2021-01-15 11:02:20,389]|INFO  : test_1_one start
[2021-01-15 11:02:20,412]|INFO  : test_1_one start
[2021-01-15 11:02:20,434]|INFO  : test_1_one start
[2021-01-15 11:02:20,455]|DEBUG : this is test 3
[2021-01-15 11:02:34,561]|INFO  : setUpClass
[2021-01-15 11:02:40,153]|INFO  : testing 中的测试日志打印 
[2021-01-15 11:02:56,123]|INFO  : testing 中的测试日志打印 
[2021-01-15 11:03:03,341]|INFO  : tearDownClass
[2021-01-15 11:03:05,521]|INFO  : TIANQI_API setup class
[2021-01-15 11:03:05,525]|DEBUG : ddt 数据传入 ,测试数据和代码分离 进行测试
[2021-01-15 11:03:05,527]|DEBUG : 执行测试
[2021-01-15 11:03:05,854]|DEBUG : ddt 数据传入 ,测试数据和代码分离 进行测试
[2021-01-15 11:03:05,855]|DEBUG : 执行测试
[2021-01-15 11:03:06,135]|DEBUG : ddt 数据传入 ,测试数据和代码分离 进行测试
[2021-01-15 11:03:06,139]|DEBUG : 执行测试
[2021-01-15 11:03:06,433]|DEBUG : ddt 数据传入 ,测试数据和代码分离 进行测试
[2021-01-15 11:03:06,435]|DEBUG : 执行测试
[2021-01-15 13:02:19,637]|INFO  : setUpClass
[2021-01-15 13:02:19,639]|INFO  : test_1_one start
[2021-01-15 13:02:19,709]|INFO  : test_1_one start
[2021-01-15 13:02:19,728]|INFO  : test_1_one start
[2021-01-15 13:02:19,775]|INFO  : test_1_one start
[2021-01-15 13:02:19,816]|INFO  : test_1_one start
[2021-01-15 13:02:19,869]|INFO  : test_1_one start
[2021-01-15 13:02:19,912]|INFO  : test_1_one start
[2021-01-15 13:02:19,940]|INFO  : test_1_one start
[2021-01-15 13:02:19,971]|INFO  : test_1_one start
[2021-01-15 13:02:20,001]|INFO  : test_1_one start
[2021-01-15 13:02:20,020]|INFO  : test_1_one start
[2021-01-15 13:02:20,046]|INFO  : test_1_one start
[2021-01-15 13:02:20,071]|INFO  : test_1_one start
[2021-01-15 13:02:20,091]|INFO  : test_1_one start
[2021-01-15 13:02:20,116]|INFO  : test_1_one start
[2021-01-15 13:02:20,137]|INFO  : test_1_one start
[2021-01-15 13:02:20,155]|INFO  : test_1_one start
[2021-01-15 13:02:20,195]|INFO  : test_1_one start
[2021-01-15 13:02:20,225]|INFO  : test_1_one start
[2021-01-15 13:02:20,256]|INFO  : test_1_one start
[2021-01-15 13:02:20,285]|INFO  : test_1_one start
[2021-01-15 13:02:20,320]|INFO  : test_1_one start
[2021-01-15 13:02:20,435]|INFO  : test_1_one start
[2021-01-15 13:02:20,457]|INFO  : test_1_one start
[2021-01-15 13:02:20,477]|DEBUG : this is test 3
[2021-01-15 13:02:34,585]|INFO  : setUpClass
[2021-01-15 13:02:38,875]|INFO  : testing 中的测试日志打印 
[2021-01-15 13:02:55,416]|INFO  : testing 中的测试日志打印 
[2021-01-15 13:03:01,746]|INFO  : tearDownClass
[2021-01-15 13:03:03,906]|INFO  : TIANQI_API setup class
[2021-01-15 13:03:03,911]|DEBUG : ddt 数据传入 ,测试数据和代码分离 进行测试
[2021-01-15 13:03:03,914]|DEBUG : 执行测试
[2021-01-15 13:03:04,289]|DEBUG : ddt 数据传入 ,测试数据和代码分离 进行测试
[2021-01-15 13:03:04,292]|DEBUG : 执行测试
[2021-01-15 13:03:04,603]|DEBUG : ddt 数据传入 ,测试数据和代码分离 进行测试
[2021-01-15 13:03:04,604]|DEBUG : 执行测试
[2021-01-15 13:03:04,888]|DEBUG : ddt 数据传入 ,测试数据和代码分离 进行测试
[2021-01-15 13:03:04,890]|DEBUG : 执行测试
[2021-01-15 15:02:19,812]|INFO  : setUpClass
[2021-01-15 15:02:19,813]|INFO  : test_1_one start
[2021-01-15 15:02:19,871]|INFO  : test_1_one start
[2021-01-15 15:02:19,893]|INFO  : test_1_one start
[2021-01-15 15:02:19,935]|INFO  : test_1_one start
[2021-01-15 15:02:19,976]|INFO  : test_1_one start
[2021-01-15 15:02:19,998]|INFO  : test_1_one start
[2021-01-15 15:02:20,022]|INFO  : test_1_one start
[2021-01-15 15:02:20,044]|INFO  : test_1_one start
[2021-01-15 15:02:20,066]|INFO  : test_1_one start
[2021-01-15 15:02:20,086]|INFO  : test_1_one start
[2021-01-15 15:02:20,106]|INFO  : test_1_one start
[2021-01-15 15:02:20,128]|INFO  : test_1_one start
[2021-01-15 15:02:20,149]|INFO  : test_1_one start
[2021-01-15 15:02:20,172]|INFO  : test_1_one start
[2021-01-15 15:02:20,193]|INFO  : test_1_one start
[2021-01-15 15:02:20,214]|INFO  : test_1_one start
[2021-01-15 15:02:20,235]|INFO  : test_1_one start
[2021-01-15 15:02:20,255]|INFO  : test_1_one start
[2021-01-15 15:02:20,279]|INFO  : test_1_one start
[2021-01-15 15:02:20,299]|INFO  : test_1_one start
[2021-01-15 15:02:20,322]|INFO  : test_1_one start
[2021-01-15 15:02:20,344]|INFO  : test_1_one start
[2021-01-15 15:02:20,367]|INFO  : test_1_one start
[2021-01-15 15:02:20,388]|INFO  : test_1_one start
[2021-01-15 15:02:20,415]|DEBUG : this is test 3
[2021-01-15 15:02:34,509]|INFO  : setUpClass
[2021-01-15 15:12:42,383]|INFO  : TIANQI_API setup class
[2021-01-15 15:12:42,386]|DEBUG : ddt 数据传入 ,测试数据和代码分离 进行测试
[2021-01-15 15:12:42,387]|DEBUG : 执行测试
[2021-01-15 15:12:42,676]|DEBUG : ddt 数据传入 ,测试数据和代码分离 进行测试
[2021-01-15 15:12:42,677]|DEBUG : 执行测试
[2021-01-15 15:12:42,958]|DEBUG : ddt 数据传入 ,测试数据和代码分离 进行测试
[2021-01-15 15:12:42,960]|DEBUG : 执行测试
[2021-01-15 15:12:43,247]|DEBUG : ddt 数据传入 ,测试数据和代码分离 进行测试
[2021-01-15 15:12:43,249]|DEBUG : 执行测试
